{"contracts/KTYtoken.sol":{"l":{"11":2},"path":"/mnt/c/Users/Alex/Desktop/MyProjects/KTY-Token/contracts/KTYtoken.sol","s":{"1":2},"b":{},"f":{"1":2},"fnMap":{"1":{"name":"constructor","line":10,"loc":{"start":{"line":10,"column":4},"end":{"line":10,"column":61}}}},"statementMap":{"1":{"start":{"line":11,"column":8},"end":{"line":11,"column":58}}},"branchMap":{}},"contracts/openzeppelin_v2_4_0/GSN/Context.sol":{"l":{"20":33,"24":0,"25":0},"path":"/mnt/c/Users/Alex/Desktop/MyProjects/KTY-Token/contracts/openzeppelin_v2_4_0/GSN/Context.sol","s":{"1":33,"2":0},"b":{},"f":{"1":2,"2":33,"3":0},"fnMap":{"1":{"name":"constructor","line":16,"loc":{"start":{"line":16,"column":4},"end":{"line":16,"column":25}}},"2":{"name":"_msgSender","line":19,"loc":{"start":{"line":19,"column":4},"end":{"line":19,"column":63}}},"3":{"name":"_msgData","line":23,"loc":{"start":{"line":23,"column":4},"end":{"line":23,"column":58}}}},"statementMap":{"1":{"start":{"line":20,"column":8},"end":{"line":20,"column":25}},"2":{"start":{"line":25,"column":8},"end":{"line":25,"column":23}}},"branchMap":{}},"contracts/openzeppelin_v2_4_0/introspection/IERC1820Registry.sol":{"l":{},"path":"/mnt/c/Users/Alex/Desktop/MyProjects/KTY-Token/contracts/openzeppelin_v2_4_0/introspection/IERC1820Registry.sol","s":{},"b":{},"f":{},"fnMap":{},"statementMap":{},"branchMap":{}},"contracts/openzeppelin_v2_4_0/math/SafeMath.sol":{"l":{"27":20,"28":20,"30":20,"43":0,"58":20,"59":18,"61":18,"77":0,"78":0,"81":0,"82":0,"84":0,"99":0,"117":0,"118":0,"121":0,"136":0,"153":0,"154":0},"path":"/mnt/c/Users/Alex/Desktop/MyProjects/KTY-Token/contracts/openzeppelin_v2_4_0/math/SafeMath.sol","s":{"1":20,"2":20,"3":20,"4":0,"5":20,"6":18,"7":18,"8":0,"9":0,"10":0,"11":0,"12":0,"13":0,"14":0,"15":0,"16":0,"17":0,"18":0,"19":0},"b":{"1":[20,0],"2":[18,2],"3":[0,0],"4":[0,0],"5":[0,0],"6":[0,0]},"f":{"1":20,"2":0,"3":20,"4":0,"5":0,"6":0,"7":0,"8":0},"fnMap":{"1":{"name":"add","line":26,"loc":{"start":{"line":26,"column":4},"end":{"line":26,"column":68}}},"2":{"name":"sub","line":42,"loc":{"start":{"line":42,"column":4},"end":{"line":42,"column":68}}},"3":{"name":"sub","line":57,"loc":{"start":{"line":57,"column":4},"end":{"line":57,"column":96}}},"4":{"name":"mul","line":73,"loc":{"start":{"line":73,"column":4},"end":{"line":73,"column":68}}},"5":{"name":"div","line":98,"loc":{"start":{"line":98,"column":4},"end":{"line":98,"column":68}}},"6":{"name":"div","line":115,"loc":{"start":{"line":115,"column":4},"end":{"line":115,"column":96}}},"7":{"name":"mod","line":135,"loc":{"start":{"line":135,"column":4},"end":{"line":135,"column":68}}},"8":{"name":"mod","line":152,"loc":{"start":{"line":152,"column":4},"end":{"line":152,"column":96}}}},"statementMap":{"1":{"start":{"line":27,"column":8},"end":{"line":27,"column":25}},"2":{"start":{"line":28,"column":8},"end":{"line":28,"column":53}},"3":{"start":{"line":30,"column":8},"end":{"line":30,"column":16}},"4":{"start":{"line":43,"column":8},"end":{"line":43,"column":58}},"5":{"start":{"line":58,"column":8},"end":{"line":58,"column":36}},"6":{"start":{"line":59,"column":8},"end":{"line":59,"column":25}},"7":{"start":{"line":61,"column":8},"end":{"line":61,"column":16}},"8":{"start":{"line":77,"column":8},"end":{"line":77,"column":2539}},"9":{"start":{"line":78,"column":12},"end":{"line":78,"column":20}},"10":{"start":{"line":81,"column":8},"end":{"line":81,"column":25}},"11":{"start":{"line":82,"column":8},"end":{"line":82,"column":63}},"12":{"start":{"line":84,"column":8},"end":{"line":84,"column":16}},"13":{"start":{"line":99,"column":8},"end":{"line":99,"column":54}},"14":{"start":{"line":117,"column":8},"end":{"line":117,"column":35}},"15":{"start":{"line":118,"column":8},"end":{"line":118,"column":25}},"16":{"start":{"line":121,"column":8},"end":{"line":121,"column":16}},"17":{"start":{"line":136,"column":8},"end":{"line":136,"column":52}},"18":{"start":{"line":153,"column":8},"end":{"line":153,"column":36}},"19":{"start":{"line":154,"column":8},"end":{"line":154,"column":20}}},"branchMap":{"1":{"line":28,"type":"if","locations":[{"start":{"line":28,"column":8},"end":{"line":28,"column":8}},{"start":{"line":28,"column":8},"end":{"line":28,"column":8}}]},"2":{"line":58,"type":"if","locations":[{"start":{"line":58,"column":8},"end":{"line":58,"column":8}},{"start":{"line":58,"column":8},"end":{"line":58,"column":8}}]},"3":{"line":77,"type":"if","locations":[{"start":{"line":77,"column":8},"end":{"line":77,"column":8}},{"start":{"line":77,"column":8},"end":{"line":77,"column":8}}]},"4":{"line":82,"type":"if","locations":[{"start":{"line":82,"column":8},"end":{"line":82,"column":8}},{"start":{"line":82,"column":8},"end":{"line":82,"column":8}}]},"5":{"line":117,"type":"if","locations":[{"start":{"line":117,"column":8},"end":{"line":117,"column":8}},{"start":{"line":117,"column":8},"end":{"line":117,"column":8}}]},"6":{"line":153,"type":"if","locations":[{"start":{"line":153,"column":8},"end":{"line":153,"column":8}},{"start":{"line":153,"column":8},"end":{"line":153,"column":8}}]}}},"contracts/openzeppelin_v2_4_0/token/ERC20/IERC20.sol":{"l":{},"path":"/mnt/c/Users/Alex/Desktop/MyProjects/KTY-Token/contracts/openzeppelin_v2_4_0/token/ERC20/IERC20.sol","s":{},"b":{},"f":{},"fnMap":{},"statementMap":{},"branchMap":{}},"contracts/openzeppelin_v2_4_0/token/ERC777/ERC777.sol":{"l":{"72":2,"73":2,"75":2,"76":2,"77":0,"81":2,"82":2,"89":0,"96":0,"106":0,"115":0,"122":0,"129":0,"138":5,"150":5,"152":5,"154":5,"156":5,"158":5,"160":5,"169":0,"179":4,"188":2,"190":2,"191":0,"193":2,"196":2,"203":0,"205":0,"206":0,"208":0,"211":0,"218":0,"235":4,"236":2,"245":0,"246":0,"257":0,"266":2,"267":2,"268":2,"281":4,"282":4,"284":4,"286":4,"288":4,"289":4,"291":2,"293":2,"322":2,"325":2,"326":2,"328":2,"330":2,"331":2,"355":7,"356":7,"358":7,"360":7,"362":7,"382":0,"384":0,"387":0,"388":0,"390":0,"391":0,"404":16,"405":16,"407":16,"408":16,"415":4,"417":4,"418":4,"440":16,"441":16,"442":0,"468":16,"469":16,"470":0,"472":9},"path":"/mnt/c/Users/Alex/Desktop/MyProjects/KTY-Token/contracts/openzeppelin_v2_4_0/token/ERC777/ERC777.sol","s":{"1":2,"2":2,"3":2,"4":2,"5":0,"6":2,"7":2,"8":0,"9":0,"10":0,"11":0,"12":0,"13":0,"14":5,"15":5,"16":5,"17":5,"18":5,"19":5,"20":5,"21":0,"22":4,"23":2,"24":2,"25":2,"26":2,"27":0,"28":0,"29":0,"30":0,"31":0,"32":4,"33":2,"34":0,"35":0,"36":0,"37":2,"38":2,"39":2,"40":4,"41":4,"42":4,"43":4,"44":4,"45":4,"46":2,"47":2,"48":2,"49":2,"50":2,"51":2,"52":2,"53":2,"54":7,"55":7,"56":7,"57":7,"58":7,"59":0,"60":0,"61":0,"62":0,"63":0,"64":0,"65":16,"66":16,"67":16,"68":16,"69":4,"70":4,"71":4,"72":16,"73":16,"74":0,"75":16,"76":16,"77":0,"78":16,"79":9},"b":{"1":[5,0],"2":[2,0],"3":[0,2],"4":[0,0],"5":[0,0],"6":[2,2],"7":[0,0],"8":[4,0],"9":[4,0],"10":[2,0],"11":[7,0],"12":[7,0],"13":[0,0],"14":[4,0],"15":[0,16],"16":[0,16],"17":[9,7],"18":[9,0]},"f":{"1":2,"2":0,"3":0,"4":0,"5":0,"6":0,"7":0,"8":5,"9":5,"10":0,"11":4,"12":2,"13":0,"14":0,"15":4,"16":0,"17":0,"18":2,"19":4,"20":2,"21":7,"22":0,"23":16,"24":4,"25":16,"26":16},"fnMap":{"1":{"name":"constructor","line":67,"loc":{"start":{"line":67,"column":4},"end":{"line":71,"column":14}}},"2":{"name":"name","line":88,"loc":{"start":{"line":88,"column":4},"end":{"line":88,"column":53}}},"3":{"name":"symbol","line":95,"loc":{"start":{"line":95,"column":4},"end":{"line":95,"column":55}}},"4":{"name":"decimals","line":105,"loc":{"start":{"line":105,"column":4},"end":{"line":105,"column":49}}},"5":{"name":"granularity","line":114,"loc":{"start":{"line":114,"column":4},"end":{"line":114,"column":54}}},"6":{"name":"totalSupply","line":121,"loc":{"start":{"line":121,"column":4},"end":{"line":121,"column":54}}},"7":{"name":"balanceOf","line":128,"loc":{"start":{"line":128,"column":4},"end":{"line":128,"column":71}}},"8":{"name":"send","line":137,"loc":{"start":{"line":137,"column":4},"end":{"line":137,"column":80}}},"9":{"name":"transfer","line":149,"loc":{"start":{"line":149,"column":4},"end":{"line":149,"column":78}}},"10":{"name":"burn","line":168,"loc":{"start":{"line":168,"column":4},"end":{"line":168,"column":61}}},"11":{"name":"isOperatorFor","line":175,"loc":{"start":{"line":175,"column":4},"end":{"line":178,"column":34}}},"12":{"name":"authorizeOperator","line":187,"loc":{"start":{"line":187,"column":4},"end":{"line":187,"column":55}}},"13":{"name":"revokeOperator","line":202,"loc":{"start":{"line":202,"column":4},"end":{"line":202,"column":52}}},"14":{"name":"defaultOperators","line":217,"loc":{"start":{"line":217,"column":4},"end":{"line":217,"column":68}}},"15":{"name":"operatorSend","line":226,"loc":{"start":{"line":226,"column":4},"end":{"line":234,"column":5}}},"16":{"name":"operatorBurn","line":244,"loc":{"start":{"line":244,"column":4},"end":{"line":244,"column":115}}},"17":{"name":"allowance","line":256,"loc":{"start":{"line":256,"column":4},"end":{"line":256,"column":83}}},"18":{"name":"approve","line":265,"loc":{"start":{"line":265,"column":4},"end":{"line":265,"column":74}}},"19":{"name":"transferFrom","line":280,"loc":{"start":{"line":280,"column":4},"end":{"line":280,"column":98}}},"20":{"name":"_mint","line":313,"loc":{"start":{"line":313,"column":4},"end":{"line":321,"column":5}}},"21":{"name":"_send","line":344,"loc":{"start":{"line":344,"column":4},"end":{"line":354,"column":5}}},"22":{"name":"_burn","line":373,"loc":{"start":{"line":373,"column":4},"end":{"line":381,"column":5}}},"23":{"name":"_move","line":394,"loc":{"start":{"line":394,"column":4},"end":{"line":403,"column":5}}},"24":{"name":"_approve","line":411,"loc":{"start":{"line":411,"column":4},"end":{"line":411,"column":75}}},"25":{"name":"_callTokensToSend","line":430,"loc":{"start":{"line":430,"column":4},"end":{"line":439,"column":5}}},"26":{"name":"_callTokensReceived","line":457,"loc":{"start":{"line":457,"column":4},"end":{"line":467,"column":5}}}},"statementMap":{"1":{"start":{"line":72,"column":8},"end":{"line":72,"column":19}},"2":{"start":{"line":73,"column":8},"end":{"line":73,"column":23}},"3":{"start":{"line":75,"column":8},"end":{"line":75,"column":48}},"4":{"start":{"line":76,"column":8},"end":{"line":76,"column":2920}},"5":{"start":{"line":77,"column":12},"end":{"line":77,"column":62}},"6":{"start":{"line":81,"column":8},"end":{"line":81,"column":95}},"7":{"start":{"line":82,"column":8},"end":{"line":82,"column":94}},"8":{"start":{"line":89,"column":8},"end":{"line":89,"column":20}},"9":{"start":{"line":96,"column":8},"end":{"line":96,"column":22}},"10":{"start":{"line":106,"column":8},"end":{"line":106,"column":17}},"11":{"start":{"line":115,"column":8},"end":{"line":115,"column":16}},"12":{"start":{"line":122,"column":8},"end":{"line":122,"column":27}},"13":{"start":{"line":129,"column":8},"end":{"line":129,"column":37}},"14":{"start":{"line":138,"column":8},"end":{"line":138,"column":75}},"15":{"start":{"line":150,"column":8},"end":{"line":150,"column":79}},"16":{"start":{"line":152,"column":8},"end":{"line":152,"column":35}},"17":{"start":{"line":154,"column":8},"end":{"line":154,"column":63}},"18":{"start":{"line":156,"column":8},"end":{"line":156,"column":51}},"19":{"start":{"line":158,"column":8},"end":{"line":158,"column":72}},"20":{"start":{"line":160,"column":8},"end":{"line":160,"column":19}},"21":{"start":{"line":169,"column":8},"end":{"line":169,"column":58}},"22":{"start":{"line":179,"column":8},"end":{"line":179,"column":5907}},"23":{"start":{"line":188,"column":8},"end":{"line":188,"column":80}},"24":{"start":{"line":190,"column":8},"end":{"line":190,"column":6279}},"25":{"start":{"line":193,"column":12},"end":{"line":193,"column":52}},"26":{"start":{"line":196,"column":8},"end":{"line":196,"column":55}},"27":{"start":{"line":203,"column":8},"end":{"line":203,"column":77}},"28":{"start":{"line":205,"column":8},"end":{"line":205,"column":6749}},"29":{"start":{"line":206,"column":12},"end":{"line":206,"column":66}},"30":{"start":{"line":211,"column":8},"end":{"line":211,"column":52}},"31":{"start":{"line":218,"column":8},"end":{"line":218,"column":37}},"32":{"start":{"line":235,"column":8},"end":{"line":235,"column":99}},"33":{"start":{"line":236,"column":8},"end":{"line":236,"column":79}},"34":{"start":{"line":245,"column":8},"end":{"line":245,"column":100}},"35":{"start":{"line":246,"column":8},"end":{"line":246,"column":63}},"36":{"start":{"line":257,"column":8},"end":{"line":257,"column":43}},"37":{"start":{"line":266,"column":8},"end":{"line":266,"column":37}},"38":{"start":{"line":267,"column":8},"end":{"line":267,"column":39}},"39":{"start":{"line":268,"column":8},"end":{"line":268,"column":19}},"40":{"start":{"line":281,"column":8},"end":{"line":281,"column":79}},"41":{"start":{"line":282,"column":8},"end":{"line":282,"column":78}},"42":{"start":{"line":284,"column":8},"end":{"line":284,"column":38}},"43":{"start":{"line":286,"column":8},"end":{"line":286,"column":68}},"44":{"start":{"line":288,"column":8},"end":{"line":288,"column":56}},"45":{"start":{"line":289,"column":8},"end":{"line":289,"column":119}},"46":{"start":{"line":291,"column":8},"end":{"line":291,"column":77}},"47":{"start":{"line":293,"column":8},"end":{"line":293,"column":19}},"48":{"start":{"line":322,"column":8},"end":{"line":322,"column":73}},"49":{"start":{"line":325,"column":8},"end":{"line":325,"column":46}},"50":{"start":{"line":326,"column":8},"end":{"line":326,"column":58}},"51":{"start":{"line":328,"column":8},"end":{"line":328,"column":95}},"52":{"start":{"line":330,"column":8},"end":{"line":330,"column":70}},"53":{"start":{"line":331,"column":8},"end":{"line":331,"column":50}},"54":{"start":{"line":355,"column":8},"end":{"line":355,"column":72}},"55":{"start":{"line":356,"column":8},"end":{"line":356,"column":68}},"56":{"start":{"line":358,"column":8},"end":{"line":358,"column":76}},"57":{"start":{"line":360,"column":8},"end":{"line":360,"column":64}},"58":{"start":{"line":362,"column":8},"end":{"line":362,"column":99}},"59":{"start":{"line":382,"column":8},"end":{"line":382,"column":72}},"60":{"start":{"line":384,"column":8},"end":{"line":384,"column":80}},"61":{"start":{"line":387,"column":8},"end":{"line":387,"column":91}},"62":{"start":{"line":388,"column":8},"end":{"line":388,"column":46}},"63":{"start":{"line":390,"column":8},"end":{"line":390,"column":63}},"64":{"start":{"line":391,"column":8},"end":{"line":391,"column":47}},"65":{"start":{"line":404,"column":8},"end":{"line":404,"column":95}},"66":{"start":{"line":405,"column":8},"end":{"line":405,"column":48}},"67":{"start":{"line":407,"column":8},"end":{"line":407,"column":69}},"68":{"start":{"line":408,"column":8},"end":{"line":408,"column":39}},"69":{"start":{"line":415,"column":8},"end":{"line":415,"column":76}},"70":{"start":{"line":417,"column":8},"end":{"line":417,"column":43}},"71":{"start":{"line":418,"column":8},"end":{"line":418,"column":45}},"72":{"start":{"line":440,"column":8},"end":{"line":440,"column":98}},"73":{"start":{"line":441,"column":8},"end":{"line":441,"column":15152}},"74":{"start":{"line":442,"column":12},"end":{"line":442,"column":102}},"75":{"start":{"line":468,"column":8},"end":{"line":468,"column":99}},"76":{"start":{"line":469,"column":8},"end":{"line":469,"column":16380}},"77":{"start":{"line":470,"column":12},"end":{"line":470,"column":107}},"78":{"start":{"line":471,"column":15},"end":{"line":471,"column":16540}},"79":{"start":{"line":472,"column":12},"end":{"line":472,"column":117}}},"branchMap":{"1":{"line":150,"type":"if","locations":[{"start":{"line":150,"column":8},"end":{"line":150,"column":8}},{"start":{"line":150,"column":8},"end":{"line":150,"column":8}}]},"2":{"line":188,"type":"if","locations":[{"start":{"line":188,"column":8},"end":{"line":188,"column":8}},{"start":{"line":188,"column":8},"end":{"line":188,"column":8}}]},"3":{"line":190,"type":"if","locations":[{"start":{"line":190,"column":8},"end":{"line":190,"column":8}},{"start":{"line":190,"column":8},"end":{"line":190,"column":8}}]},"4":{"line":203,"type":"if","locations":[{"start":{"line":203,"column":8},"end":{"line":203,"column":8}},{"start":{"line":203,"column":8},"end":{"line":203,"column":8}}]},"5":{"line":205,"type":"if","locations":[{"start":{"line":205,"column":8},"end":{"line":205,"column":8}},{"start":{"line":205,"column":8},"end":{"line":205,"column":8}}]},"6":{"line":235,"type":"if","locations":[{"start":{"line":235,"column":8},"end":{"line":235,"column":8}},{"start":{"line":235,"column":8},"end":{"line":235,"column":8}}]},"7":{"line":245,"type":"if","locations":[{"start":{"line":245,"column":8},"end":{"line":245,"column":8}},{"start":{"line":245,"column":8},"end":{"line":245,"column":8}}]},"8":{"line":281,"type":"if","locations":[{"start":{"line":281,"column":8},"end":{"line":281,"column":8}},{"start":{"line":281,"column":8},"end":{"line":281,"column":8}}]},"9":{"line":282,"type":"if","locations":[{"start":{"line":282,"column":8},"end":{"line":282,"column":8}},{"start":{"line":282,"column":8},"end":{"line":282,"column":8}}]},"10":{"line":322,"type":"if","locations":[{"start":{"line":322,"column":8},"end":{"line":322,"column":8}},{"start":{"line":322,"column":8},"end":{"line":322,"column":8}}]},"11":{"line":355,"type":"if","locations":[{"start":{"line":355,"column":8},"end":{"line":355,"column":8}},{"start":{"line":355,"column":8},"end":{"line":355,"column":8}}]},"12":{"line":356,"type":"if","locations":[{"start":{"line":356,"column":8},"end":{"line":356,"column":8}},{"start":{"line":356,"column":8},"end":{"line":356,"column":8}}]},"13":{"line":382,"type":"if","locations":[{"start":{"line":382,"column":8},"end":{"line":382,"column":8}},{"start":{"line":382,"column":8},"end":{"line":382,"column":8}}]},"14":{"line":415,"type":"if","locations":[{"start":{"line":415,"column":8},"end":{"line":415,"column":8}},{"start":{"line":415,"column":8},"end":{"line":415,"column":8}}]},"15":{"line":441,"type":"if","locations":[{"start":{"line":441,"column":8},"end":{"line":441,"column":8}},{"start":{"line":441,"column":8},"end":{"line":441,"column":8}}]},"16":{"line":469,"type":"if","locations":[{"start":{"line":469,"column":8},"end":{"line":469,"column":8}},{"start":{"line":469,"column":8},"end":{"line":469,"column":8}}]},"17":{"line":471,"type":"if","locations":[{"start":{"line":471,"column":15},"end":{"line":471,"column":15}},{"start":{"line":471,"column":15},"end":{"line":471,"column":15}}]},"18":{"line":472,"type":"if","locations":[{"start":{"line":472,"column":12},"end":{"line":472,"column":12}},{"start":{"line":472,"column":12},"end":{"line":472,"column":12}}]}}},"contracts/openzeppelin_v2_4_0/token/ERC777/IERC777.sol":{"l":{},"path":"/mnt/c/Users/Alex/Desktop/MyProjects/KTY-Token/contracts/openzeppelin_v2_4_0/token/ERC777/IERC777.sol","s":{},"b":{},"f":{},"fnMap":{},"statementMap":{},"branchMap":{}},"contracts/openzeppelin_v2_4_0/token/ERC777/IERC777Recipient.sol":{"l":{},"path":"/mnt/c/Users/Alex/Desktop/MyProjects/KTY-Token/contracts/openzeppelin_v2_4_0/token/ERC777/IERC777Recipient.sol","s":{},"b":{},"f":{},"fnMap":{},"statementMap":{},"branchMap":{}},"contracts/openzeppelin_v2_4_0/token/ERC777/IERC777Sender.sol":{"l":{},"path":"/mnt/c/Users/Alex/Desktop/MyProjects/KTY-Token/contracts/openzeppelin_v2_4_0/token/ERC777/IERC777Sender.sol","s":{},"b":{},"f":{},"fnMap":{},"statementMap":{},"branchMap":{}},"contracts/openzeppelin_v2_4_0/utils/Address.sol":{"l":{"26":9,"27":9,"29":9,"30":9,"40":0,"62":0,"65":0,"66":0},"path":"/mnt/c/Users/Alex/Desktop/MyProjects/KTY-Token/contracts/openzeppelin_v2_4_0/utils/Address.sol","s":{"1":9,"2":9,"3":9,"4":0,"5":0,"6":0,"7":0},"b":{"1":[0,0],"2":[0,0]},"f":{"1":9,"2":0,"3":0},"fnMap":{"1":{"name":"isContract","line":18,"loc":{"start":{"line":18,"column":4},"end":{"line":18,"column":67}}},"2":{"name":"toPayable","line":39,"loc":{"start":{"line":39,"column":4},"end":{"line":39,"column":77}}},"3":{"name":"sendValue","line":61,"loc":{"start":{"line":61,"column":4},"end":{"line":61,"column":72}}}},"statementMap":{"1":{"start":{"line":26,"column":8},"end":{"line":26,"column":24}},"2":{"start":{"line":27,"column":8},"end":{"line":27,"column":96}},"3":{"start":{"line":30,"column":8},"end":{"line":30,"column":59}},"4":{"start":{"line":40,"column":8},"end":{"line":40,"column":40}},"5":{"start":{"line":62,"column":8},"end":{"line":62,"column":80}},"6":{"start":{"line":65,"column":8},"end":{"line":65,"column":59}},"7":{"start":{"line":66,"column":8},"end":{"line":66,"column":85}}},"branchMap":{"1":{"line":62,"type":"if","locations":[{"start":{"line":62,"column":8},"end":{"line":62,"column":8}},{"start":{"line":62,"column":8},"end":{"line":62,"column":8}}]},"2":{"line":66,"type":"if","locations":[{"start":{"line":66,"column":8},"end":{"line":66,"column":8}},{"start":{"line":66,"column":8},"end":{"line":66,"column":8}}]}}},"contracts/test/TestTokensRecipient.sol":{"l":{"19":0,"20":0},"path":"/mnt/c/Users/Alex/Desktop/MyProjects/KTY-Token/contracts/test/TestTokensRecipient.sol","s":{"1":0,"2":0},"b":{"1":[0,0]},"f":{"1":0},"fnMap":{"1":{"name":"tokensReceived","line":9,"loc":{"start":{"line":9,"column":4},"end":{"line":18,"column":5}}}},"statementMap":{"1":{"start":{"line":19,"column":8},"end":{"line":19,"column":451}},"2":{"start":{"line":20,"column":12},"end":{"line":20,"column":65}}},"branchMap":{"1":{"line":19,"type":"if","locations":[{"start":{"line":19,"column":8},"end":{"line":19,"column":8}},{"start":{"line":19,"column":8},"end":{"line":19,"column":8}}]}}},"contracts/test/TestTokensSender.sol":{"l":{"19":0,"20":0},"path":"/mnt/c/Users/Alex/Desktop/MyProjects/KTY-Token/contracts/test/TestTokensSender.sol","s":{"1":0,"2":0},"b":{"1":[0,0]},"f":{"1":0},"fnMap":{"1":{"name":"tokensToSend","line":9,"loc":{"start":{"line":9,"column":4},"end":{"line":18,"column":5}}}},"statementMap":{"1":{"start":{"line":19,"column":8},"end":{"line":19,"column":440}},"2":{"start":{"line":20,"column":12},"end":{"line":20,"column":60}}},"branchMap":{"1":{"line":19,"type":"if","locations":[{"start":{"line":19,"column":8},"end":{"line":19,"column":8}},{"start":{"line":19,"column":8},"end":{"line":19,"column":8}}]}}}}