TN:
SF:/mnt/c/Users/Alex/Desktop/MyProjects/KTY-Token/contracts/KTYtoken.sol
FN:10,constructor
FNF:1
FNH:1
FNDA:2,constructor
DA:11,2
LF:1
LH:1
BRF:0
BRH:0
end_of_record
TN:
SF:/mnt/c/Users/Alex/Desktop/MyProjects/KTY-Token/contracts/openzeppelin_v2_4_0/GSN/Context.sol
FN:16,constructor
FN:19,_msgSender
FN:23,_msgData
FNF:3
FNH:2
FNDA:2,constructor
FNDA:33,_msgSender
FNDA:0,_msgData
DA:20,33
DA:24,0
DA:25,0
LF:3
LH:1
BRF:0
BRH:0
end_of_record
TN:
SF:/mnt/c/Users/Alex/Desktop/MyProjects/KTY-Token/contracts/openzeppelin_v2_4_0/introspection/IERC1820Registry.sol
FNF:0
FNH:0
LF:0
LH:0
BRF:0
BRH:0
end_of_record
TN:
SF:/mnt/c/Users/Alex/Desktop/MyProjects/KTY-Token/contracts/openzeppelin_v2_4_0/math/SafeMath.sol
FN:26,add
FN:42,sub
FN:57,sub
FN:73,mul
FN:98,div
FN:115,div
FN:135,mod
FN:152,mod
FNF:8
FNH:2
FNDA:20,add
FNDA:0,sub
FNDA:20,sub
FNDA:0,mul
FNDA:0,div
FNDA:0,div
FNDA:0,mod
FNDA:0,mod
DA:27,20
DA:28,20
DA:30,20
DA:43,0
DA:58,20
DA:59,18
DA:61,18
DA:77,0
DA:78,0
DA:81,0
DA:82,0
DA:84,0
DA:99,0
DA:117,0
DA:118,0
DA:121,0
DA:136,0
DA:153,0
DA:154,0
LF:19
LH:6
BRDA:28,1,0,20
BRDA:28,1,1,0
BRDA:58,2,0,18
BRDA:58,2,1,2
BRDA:77,3,0,0
BRDA:77,3,1,0
BRDA:82,4,0,0
BRDA:82,4,1,0
BRDA:117,5,0,0
BRDA:117,5,1,0
BRDA:153,6,0,0
BRDA:153,6,1,0
BRF:12
BRH:3
end_of_record
TN:
SF:/mnt/c/Users/Alex/Desktop/MyProjects/KTY-Token/contracts/openzeppelin_v2_4_0/token/ERC20/IERC20.sol
FNF:0
FNH:0
LF:0
LH:0
BRF:0
BRH:0
end_of_record
TN:
SF:/mnt/c/Users/Alex/Desktop/MyProjects/KTY-Token/contracts/openzeppelin_v2_4_0/token/ERC777/ERC777.sol
FN:67,constructor
FN:88,name
FN:95,symbol
FN:105,decimals
FN:114,granularity
FN:121,totalSupply
FN:128,balanceOf
FN:137,send
FN:149,transfer
FN:168,burn
FN:175,isOperatorFor
FN:187,authorizeOperator
FN:202,revokeOperator
FN:217,defaultOperators
FN:226,operatorSend
FN:244,operatorBurn
FN:256,allowance
FN:265,approve
FN:280,transferFrom
FN:313,_mint
FN:344,_send
FN:373,_burn
FN:394,_move
FN:411,_approve
FN:430,_callTokensToSend
FN:457,_callTokensReceived
FNF:26
FNH:14
FNDA:2,constructor
FNDA:0,name
FNDA:0,symbol
FNDA:0,decimals
FNDA:0,granularity
FNDA:0,totalSupply
FNDA:0,balanceOf
FNDA:5,send
FNDA:5,transfer
FNDA:0,burn
FNDA:4,isOperatorFor
FNDA:2,authorizeOperator
FNDA:0,revokeOperator
FNDA:0,defaultOperators
FNDA:4,operatorSend
FNDA:0,operatorBurn
FNDA:0,allowance
FNDA:2,approve
FNDA:4,transferFrom
FNDA:2,_mint
FNDA:7,_send
FNDA:0,_burn
FNDA:16,_move
FNDA:4,_approve
FNDA:16,_callTokensToSend
FNDA:16,_callTokensReceived
DA:72,2
DA:73,2
DA:75,2
DA:76,2
DA:77,0
DA:81,2
DA:82,2
DA:89,0
DA:96,0
DA:106,0
DA:115,0
DA:122,0
DA:129,0
DA:138,5
DA:150,5
DA:152,5
DA:154,5
DA:156,5
DA:158,5
DA:160,5
DA:169,0
DA:179,4
DA:188,2
DA:190,2
DA:191,0
DA:193,2
DA:196,2
DA:203,0
DA:205,0
DA:206,0
DA:208,0
DA:211,0
DA:218,0
DA:235,4
DA:236,2
DA:245,0
DA:246,0
DA:257,0
DA:266,2
DA:267,2
DA:268,2
DA:281,4
DA:282,4
DA:284,4
DA:286,4
DA:288,4
DA:289,4
DA:291,2
DA:293,2
DA:322,2
DA:325,2
DA:326,2
DA:328,2
DA:330,2
DA:331,2
DA:355,7
DA:356,7
DA:358,7
DA:360,7
DA:362,7
DA:382,0
DA:384,0
DA:387,0
DA:388,0
DA:390,0
DA:391,0
DA:404,16
DA:405,16
DA:407,16
DA:408,16
DA:415,4
DA:417,4
DA:418,4
DA:440,16
DA:441,16
DA:442,0
DA:468,16
DA:469,16
DA:470,0
DA:472,9
LF:80
LH:54
BRDA:150,1,0,5
BRDA:150,1,1,0
BRDA:188,2,0,2
BRDA:188,2,1,0
BRDA:190,3,0,0
BRDA:190,3,1,2
BRDA:203,4,0,0
BRDA:203,4,1,0
BRDA:205,5,0,0
BRDA:205,5,1,0
BRDA:235,6,0,2
BRDA:235,6,1,2
BRDA:245,7,0,0
BRDA:245,7,1,0
BRDA:281,8,0,4
BRDA:281,8,1,0
BRDA:282,9,0,4
BRDA:282,9,1,0
BRDA:322,10,0,2
BRDA:322,10,1,0
BRDA:355,11,0,7
BRDA:355,11,1,0
BRDA:356,12,0,7
BRDA:356,12,1,0
BRDA:382,13,0,0
BRDA:382,13,1,0
BRDA:415,14,0,4
BRDA:415,14,1,0
BRDA:441,15,0,0
BRDA:441,15,1,16
BRDA:469,16,0,0
BRDA:469,16,1,16
BRDA:471,17,0,9
BRDA:471,17,1,7
BRDA:472,18,0,9
BRDA:472,18,1,0
BRF:36
BRH:16
end_of_record
TN:
SF:/mnt/c/Users/Alex/Desktop/MyProjects/KTY-Token/contracts/openzeppelin_v2_4_0/token/ERC777/IERC777.sol
FNF:0
FNH:0
LF:0
LH:0
BRF:0
BRH:0
end_of_record
TN:
SF:/mnt/c/Users/Alex/Desktop/MyProjects/KTY-Token/contracts/openzeppelin_v2_4_0/token/ERC777/IERC777Recipient.sol
FNF:0
FNH:0
LF:0
LH:0
BRF:0
BRH:0
end_of_record
TN:
SF:/mnt/c/Users/Alex/Desktop/MyProjects/KTY-Token/contracts/openzeppelin_v2_4_0/token/ERC777/IERC777Sender.sol
FNF:0
FNH:0
LF:0
LH:0
BRF:0
BRH:0
end_of_record
TN:
SF:/mnt/c/Users/Alex/Desktop/MyProjects/KTY-Token/contracts/openzeppelin_v2_4_0/utils/Address.sol
FN:18,isContract
FN:39,toPayable
FN:61,sendValue
FNF:3
FNH:1
FNDA:9,isContract
FNDA:0,toPayable
FNDA:0,sendValue
DA:26,9
DA:27,9
DA:29,9
DA:30,9
DA:40,0
DA:62,0
DA:65,0
DA:66,0
LF:8
LH:4
BRDA:62,1,0,0
BRDA:62,1,1,0
BRDA:66,2,0,0
BRDA:66,2,1,0
BRF:4
BRH:0
end_of_record
TN:
SF:/mnt/c/Users/Alex/Desktop/MyProjects/KTY-Token/contracts/test/TestTokensRecipient.sol
FN:9,tokensReceived
FNF:1
FNH:0
FNDA:0,tokensReceived
DA:19,0
DA:20,0
LF:2
LH:0
BRDA:19,1,0,0
BRDA:19,1,1,0
BRF:2
BRH:0
end_of_record
TN:
SF:/mnt/c/Users/Alex/Desktop/MyProjects/KTY-Token/contracts/test/TestTokensSender.sol
FN:9,tokensToSend
FNF:1
FNH:0
FNDA:0,tokensToSend
DA:19,0
DA:20,0
LF:2
LH:0
BRDA:19,1,0,0
BRDA:19,1,1,0
BRF:2
BRH:0
end_of_record
